
ROM used: 42198 (64%)
          42198 (64%) including unused fragments

          8 Average locations per line
          18 Average locations per statement

RAM used: 1520 (38%) at main() level
          1593 (40%) worst case

Stack used: 8 worst case (out of 31 total available)

Lines Stmts  %   Files
----- ----- ---  -----
 1433  1310  57  Maestro_v2.c
  457     0   0  C:\Program Files (x86)\PICC\Devices\18F4620.h
 2172   260  11  MATH.h
  354    78   3  HDM64GS12.c
  556   167   7  GRAPHICS.c
  201     0   0  imagen.h
   68    50   2  FuncionesDisplay.h
  379   417  18  Funciones.h
----- -----
 5620  2282 Total

Page ROM  %  RAM   Vol Diff  Functions:
---- --- --- ---   --- ----  ----------
0     38   0   1             @delay_ms1
0     32   0   1             @delay_us1
0    874   1  20  1124 10.7  CEIL_FLOOR
0    122   0  10             @FLT
0     60   0   4             @SFTOI
0     54   0   2             @ITOF
0    350   0  14             @DIVFF
0    632   1  16             @ADDFF
0    246   0  11             @MULFF
0     28   0   4    43  2.1  floor
0     30   0   4    44  1.9  ceil
0    358   0  16   257  7.2  fmod
0   1034   1  22  1071  8.0  exp
0     80   0   2             @SITOF
0   1242   1  25  1228  9.9  log
0    786   1  12   556  7.5  pow
0    168   0   1   580  3.2  glcd_init
0    184   0   7   609  5.4  glcd_update
0    188   0   9   466  7.8  glcd_pixel
0     90   0  10   317  4.7  glcd_fillScreen
0     54   0   2   257  2.8  glcd_writeByte
0    282   0   0             @const230
0    246   0   0             @const233
0    322   0  17  1475  8.8  glcd_line
0    196   0   6  1036  5.8  glcd_rect
0    554   1  12  1822  8.6  glcd_circle
0     78   0   2             @MUL88
0    440   1  20  1550 11.2  glcd_text57
0   1048   1   0             @const309
0   1048   1   0             @const312
0   1048   1   0             @const315
0    212   0  15   603  4.5  displayContrasena
0     34   0   1             @SPRINTF
0     44   0   3             @DIV88
0    222   0   6             @PRINTF_D_330
0    234   0  16   734  4.6  displayTiempo
0    220   0   8   672  5.1  displayMenu
0    356   0  19   978  4.5  displayfloat2
0     68   0   5             @FTOSD
0    128   0  13             @DIV3232
0    436   1  13             @PRINTF_L32D_330FPFPF
0    268   0  19   737  4.5  displayfloat
0     64   0   3   129  1.0  sensores
0    640   1  21   737  8.2  Leer_Sensor_Presion
0    464   1  21   534  7.5  leeTemperatura
0   1936   2   4  3537  3.9  LeeEEPROM
0   2482   3   0  6965  5.0  LimitaValores
0    130   0   1   650  3.8  VelocidadMotor
0   1766   2   9  7953 10.6  PidePassword
0     32   0   0             @const517
0     36   0   0             @const519
0     38   0   0             @const521
0    386   0   1  2386  8.4  ext0
0    522   1   6  1538  7.9  glcd_imagen
0     34   0   5             @MUL1616
0    974   1  11   808  9.0  LeerFlujoInFlow
0  17420  21   4 77974 14.5  MAIN
0     46   0   0             @const536
0     46   0   0             @const537
0     46   0   0             @const538
0     42   0   0             @const540
0     40   0   0             @const541
0     32   0   0             @const542
0     34   0   0             @const543
0     42   0   0             @const545
0     32   0   0             @const547
0     40   0   0             @const550
0     36   0   0             @const552
0     40   0   0             @const555
0     36   0   0             @const557
0     36   0   0             @const559
0     32   0   0             @const560
0     38   0   0             @const561
0     38   0   0             @const562
0     46   0   0             @const563
0     46   0   0             @const564
0     42   0   0             @const566
0     44   0   0             @const568
0     48   0   0             @const570
0     40   0   0             @const574
0     36   0   0             @const575
0     36   0   0             @const576

Program metrics:
    Functions               32
    Statements              2282
    Comments                855
    Volume (V)              157254
    Difficilty (D)          207.6
    Effort to implement (E) 32652998
    Time to implement (T)   503 hours, 54 minutes
    Est Delivered Bugs (B)  34
    Cyclomatic Complexity   353
    Maintainability (MI)    105

 Segment     Used  Free
-----------  ----  ----
00000-00002     4  0  
00004-00006     0  4  
00008-00094   142  0  
00096-0FFFE  42052  23334  



