
ROM used: 15086 (46%)
          15088 (46%) including unused fragments

          4 Average locations per line
          10 Average locations per statement

RAM used: 179 (9%) at main() level
          216 (11%) worst case

Stack used: 7 worst case (out of 31 total available)

Lines Stmts  %   Files
----- ----- ---  -----
 1005   972  67  CabinaCFLH.c
  451     0   0  C:\Program Files (x86)\PICC\Devices\18F4550.h
 2172   260  18  MATH.h
  172    73   5  LCD420.c
  169   155  11  Funciones.h
----- -----
 3969  1460 Total

Page ROM  %  RAM   Vol Diff  Functions:
---- --- --- ---   --- ----  ----------
0     40   0   1             @delay_ms1
0    826   3  20  1124 10.7  CEIL_FLOOR
0    118   0  10             @FLT
0     56   0   4             @SFTOI
0     54   0   2             @ITOF
0    346   1  14             @DIVFF
0    618   2  16             @ADDFF
0    242   1  11             @MULFF
0     22   0   4    43  2.1  floor
0     30   0   0             @const266
0     40   0   1   134  2.2  lcd_send_nibble
0     66   0   3   287  3.9  lcd_send_byte
0     86   0   2   422  4.7  lcd_init
0     54   0   3   321  5.5  lcd_gotoxy
0     44   0   0             @goto10582
0     94   0   1   439  6.1  lcd_putc
0    164   1   3   715  2.8  mensajes
0     20   0   0             @const297
0     32   0   2             @PSTRINGC_288
0     20   0   0             @const299
0     20   0   0             @const300
0     20   0   0             @const301
0     20   0   0             @const302
0     20   0   0             @const303
0     16   0   1   102  2.9  velocidades
0     86   0   5   100  2.1  sensores
0    406   1   9   499  7.0  Leer_Sensor_Presion
0      2   0   0     5  1.0  EliminaRuido
0     48   0   0   209  1.8  ConfigInterrupciones
0    102   0   1   318  1.8  MensajeBienvenida
0     22   0   0             @const315
0     22   0   0             @const316
0     22   0   0             @const317
0     22   0   0             @const318
0    448   1   1  1102  2.9  LeeEEPROM
0    756   3   1  1856  4.9  LimitaValores
0    118   0   1   804  6.3  temp1s
0   7426  25   4 46018 12.5  MAIN
0     22   0   0             @const325
0     22   0   0             @const326
0     22   0   0             @const327
0     30   0   3             @PSTRINGCN_288
0     40   0   3             @DIV88
0    200   1   6             @PRINTF_D_288
0     20   0   0             @const338
0     20   0   0             @const339
0     20   0   0             @const340
0     20   0   0             @const341
0     20   0   0             @const344
0     20   0   0             @const345
0     20   0   0             @const346
0     22   0   0             @const348
0     22   0   0             @const351
0     22   0   0             @const352
0     18   0   0             @const353
0    108   0   2             @PRINTF_U_288
0     18   0   0             @const359
0     18   0   0             @const360
0     22   0   0             @const362
0     22   0   0             @const363
0     22   0   0             @const364
0     22   0   0             @const368
0     22   0   0             @const369
0     22   0   0             @const370
0     22   0   0             @const371
0     22   0   0             @const373
0     22   0   0             @const374
0     22   0   0             @const375
0     22   0   0             @const376
0     22   0   0             @const378
0     22   0   0             @const379
0     22   0   0             @const380
0     22   0   0             @const384
0     22   0   0             @const385
0     22   0   0             @const386
0     22   0   0             @const387
0     22   0   0             @const389
0     20   0   0             @const390
0    182   1   9             @PRINTF_LU_288
0     22   0   0             @const393
0     18   0   0             @const395
0     18   0   0             @const396
0     22   0   0             @const399
0     22   0   0             @const400
0     64   0   5             @FTOSD
0    122   0  13             @DIV3232
0    390   1  13             @PRINTF_L32D_288FPFPF
0     14   0   0             @const409
0     14   0   0             @const410
0     22   0   0             @const413
0     22   0   0             @const414
0     22   0   0             @const415
0     22   0   0             @const416
0     22   0   0             @const417
0     22   0   0             @const418
0     22   0   0             @const419
0     22   0   0             @const420
0     22   0   0             @const422
0     16   0   0             @const425
0     22   0   0             @const427
0     22   0   0             @const428
0     22   0   0             @const429
0     22   0   0             @const430
0      8   0   0             @const432
0     10   0   0             @const433
0     10   0   0             @const434
0      8   0   0             @const435
0      8   0   0             @const436
0      8   0   0             @const437
0      8   0   0             @const438

Program metrics:
    Functions               18
    Statements              1460
    Comments                584
    Volume (V)              64560
    Difficilty (D)          80.0
    Effort to implement (E) 5163414
    Time to implement (T)   79 hours, 41 minutes
    Est Delivered Bugs (B)  10
    Cyclomatic Complexity   198
    Maintainability (MI)    83

 Segment     Used  Free
-----------  ----  ----
00000-00002     4  0  
00004-00006     2  2  
00008-00094   142  0  
00096-07FFE  14938  17680  



