
ROM used: 4072 (12%)
          4072 (12%) including unused fragments

          1 Average locations per line
          6 Average locations per statement

RAM used: 46 (2%) at main() level
          64 (3%) worst case

Stack used: 8 worst case (out of 31 total available)

Lines Stmts  %   Files
----- ----- ---  -----
  325   290  42  CabinaCFLH.c
  451     0   0  C:\Program Files (x86)\PICC\Devices\18F4550.h
 2172   260  38  MATH.h
  172    73  11  LCD420.c
   84    70  10  Funciones.h
----- -----
 3204   693 Total

Page ROM  %  RAM   Vol Diff  Functions:
---- --- --- ---   --- ----  ----------
0     40   0   1             @delay_ms1
0     30   0   0             @const238
0     38   0   1   134  2.2  lcd_send_nibble
0     66   1   3   287  3.9  lcd_send_byte
0     86   1   2   422  4.7  lcd_init
0     54   1   3   321  5.5  lcd_gotoxy
0     44   1   0             @goto10581
0     94   1   1   439  6.1  lcd_putc
0     22   0   0   119  1.7  ConfigInterrupciones
0    100   1   1   318  1.8  MensajeBienvenida
0     22   0   0             @const268
0     32   0   2             @PSTRINGC_260
0     22   0   0             @const270
0     22   0   0             @const271
0     22   0   0             @const272
0    158   2   1   318  2.3  LeeEEPROM
0    304   4   0   687  4.3  LimitaValores
0    282   3   1   418  1.8  resetFabrica
0     16   0   0             @const277
0    104   1   2   709  6.7  temp1s
0   1678  21   1 10250 10.4  MAIN
0     22   0   0             @const281
0     22   0   0             @const282
0     16   0   0             @const283
0     40   0   3             @DIV88
0    102   1   2             @PRINTF_U_260
0     30   0   3             @PSTRINGCN_260
0     20   0   0             @const293
0     20   0   0             @const294
0     18   0   0             @const296
0     18   0   0             @const297
0      6   0   0             @const299
0     20   0   0             @const300
0    180   2   9             @PRINTF_LU_260
0     16   0   0             @const303
0     16   0   0             @const304
0     24   0   0             @const305
0     22   0   0             @const307
0     22   0   0             @const308
0     22   0   0             @const309
0     22   0   0             @const310
0      8   0   0             @const314
0      8   0   0             @const315
0      8   0   0             @const316
0      8   0   0             @const317

Program metrics:
    Functions               12
    Statements              693
    Comments                454
    Volume (V)              18936
    Difficilty (D)          50.6
    Effort to implement (E) 957492
    Time to implement (T)   14 hours, 47 minutes
    Est Delivered Bugs (B)  3
    Cyclomatic Complexity   63
    Maintainability (MI)    61

 Segment     Used  Free
-----------  ----  ----
00000-00002     4  0  
00004-00006     0  4  
00008-00094   142  0  
00096-07FFE  3926  28692  



