
ROM used: 12800 (39%)
          12800 (39%) including unused fragments

          3 Average locations per line
          11 Average locations per statement

RAM used: 163 (8%) at main() level
          200 (10%) worst case

Stack used: 7 worst case (out of 31 total available)

Lines Stmts  %   Files
----- ----- ---  -----
  872   855  72  Cabina_PCR.c
  451     0   0  C:\Program Files (x86)\PICC\devices\18F4550.h
  172    73   6  LCD420.c
 2172   260  22  MATH.h
----- -----
 3667  1188 Total

Page ROM  %  RAM   Vol Diff  Functions:
---- --- --- ---   --- ----  ----------
0     40   0   1             @delay_ms1
0     30   0   0             @const73
0     40   0   1   134  2.2  lcd_send_nibble
0     66   0   3   287  3.9  lcd_send_byte
0     86   0   2   422  4.7  lcd_init
0     54   0   3   321  5.5  lcd_gotoxy
0     44   0   0             @goto10101
0     94   0   1   439  6.1  lcd_putc
0    820   3  20  1124 10.7  CEIL_FLOOR
0    118   0  10             @FLT
0     56   0   4             @SFTOI
0     54   0   2             @ITOF
0    346   1  14             @DIVFF
0    618   2  16             @ADDFF
0    242   1  11             @MULFF
0     22   0   4    43  2.1  floor
0     86   0   1   505  5.7  temp1s
0    104   0   2   426  2.8  mensajes
0     20   0   0             @const285
0     32   0   2             @PSTRINGC_95
0     20   0   0             @const287
0     20   0   0             @const288
0     20   0   0             @const289
0    108   0   1   974  2.9  velocidades
0     82   0   5   100  2.1  sensores
0    504   2   9   535  7.4  Leer_Sensor_Presion
0   6656  26   4 36835 11.5  MAIN
0     22   0   0             @const300
0     22   0   0             @const301
0     22   0   0             @const302
0     22   0   0             @const303
0     22   0   0             @const305
0     22   0   0             @const306
0     22   0   0             @const307
0     30   0   3             @PSTRINGCN_95
0     40   0   3             @DIV88
0    200   1   6             @PRINTF_D_95
0     20   0   0             @const318
0     20   0   0             @const319
0     20   0   0             @const320
0     20   0   0             @const321
0     20   0   0             @const324
0     20   0   0             @const325
0     20   0   0             @const326
0     22   0   0             @const328
0     22   0   0             @const331
0     22   0   0             @const332
0     18   0   0             @const333
0    102   0   2             @PRINTF_U_95
0     18   0   0             @const339
0     18   0   0             @const340
0     22   0   0             @const342
0     22   0   0             @const343
0     22   0   0             @const345
0     22   0   0             @const346
0     22   0   0             @const347
0     22   0   0             @const348
0     22   0   0             @const350
0     22   0   0             @const351
0     22   0   0             @const352
0     22   0   0             @const355
0     22   0   0             @const356
0     22   0   0             @const357
0     22   0   0             @const358
0     22   0   0             @const360
0     22   0   0             @const361
0     22   0   0             @const362
0     22   0   0             @const363
0     22   0   0             @const365
0     22   0   0             @const366
0     22   0   0             @const367
0     22   0   0             @const370
0     22   0   0             @const371
0     22   0   0             @const372
0     22   0   0             @const373
0     22   0   0             @const374
0     20   0   0             @const375
0    180   1   9             @PRINTF_LU_95
0     22   0   0             @const378
0     18   0   0             @const380
0     18   0   0             @const381
0     22   0   0             @const384
0     64   0   5             @FTOSD
0    122   0  13             @DIV3232
0    394   2  13             @PRINTF_L32D_95FPFPF
0      8   0   0             @const393
0     16   0   0             @const396
0     10   0   0             @const397
0     10   0   0             @const398
0      8   0   0             @const399
0      8   0   0             @const400
0      8   0   0             @const401
0      8   0   0             @const402

Program metrics:
    Functions               13
    Statements              1188
    Comments                530
    Volume (V)              48763
    Difficilty (D)          66.0
    Effort to implement (E) 3216071
    Time to implement (T)   49 hours, 38 minutes
    Est Delivered Bugs (B)  7
    Cyclomatic Complexity   160
    Maintainability (MI)    30

 Segment     Used  Free
-----------  ----  ----
00000-00002     4  0  
00004-00006     0  4  
00008-00094   142  0  
00096-07FFE  12654  19964  



